<?xml version="1.0" encoding="UTF-8"?>
<beans xmlns="http://www.springframework.org/schema/beans"
       xmlns:xsi="http://www.w3.org/2001/XMLSchema-instance"
       xsi:schemaLocation="http://www.springframework.org/schema/beans http://www.springframework.org/schema/beans/spring-beans.xsd">

    <import resource="file:src/main/webapp/WEB-INF/spring/dispatcher-servlet.xml"/>
    <import resource="file:src/main/webapp/WEB-INF/spring/service-context.xml"/>
    <import resource="file:src/main/webapp/WEB-INF/spring/security-context.xml"/>

    <!-- Persistence -->
    <import resource="file:src/main/webapp/WEB-INF/spring/persistence-context.xml"/>
    <import resource="test-mysql-db-properties.xml"/>
    <!--<import resource="test-hsql-db-properties.xml"/>-->

</beans>